2016-05-18 14:49:54,388 INFO  [default] Test debug!
2016-05-23 13:59:45,845 DEBUG [default] [nhanquy@unknown-host] [void DB_Handler::set_db_dir(const char*)] [../src/libs/DBHandler.cpp:17] db_dir =hist_db
2016-05-23 13:59:45,845 ERROR [default] bind() failed
2016-05-23 13:59:45,845 ERROR [default] Could not start the server at port 10001
2016-06-07 10:09:24,109 DEBUG [default] [nhanquy@unknown-host] [void Event_Handler::read_config(const char*, const char*, std::__cxx11::string&, std::__cxx11::string&, int&)] [../src/EventHandler.cpp:40] Begin to configure Parking
2016-06-07 10:09:28,169 DEBUG [default] [nhanquy@unknown-host] [void Event_Handler::read_config(const char*, const char*, std::__cxx11::string&, std::__cxx11::string&, int&)] [../src/EventHandler.cpp:51] LOGSDIRS read: 
2016-06-07 10:09:55,665 DEBUG [default] [nhanquy@unknown-host] [void Event_Handler::read_config(const char*, const char*, std::__cxx11::string&, std::__cxx11::string&, int&)] [../src/EventHandler.cpp:53] DB_FILE read: 
2016-06-07 10:09:56,806 DEBUG [default] [nhanquy@unknown-host] [void Event_Handler::read_config(const char*, const char*, std::__cxx11::string&, std::__cxx11::string&, int&)] [../src/EventHandler.cpp:55] PORT read: 0
2016-06-07 10:10:33,868 DEBUG [default] [nhanquy@unknown-host] [void Event_Handler::read_config(const char*, const char*, std::__cxx11::string&, std::__cxx11::string&, int&)] [../src/EventHandler.cpp:40] Begin to configure Parking
2016-06-07 10:10:34,536 ERROR [default] Failed to parse input file
* Line 8, Column 2
  Missing ',' or '}' in object declaration

2016-06-07 10:10:49,886 DEBUG [default] [nhanquy@unknown-host] [void Event_Handler::read_config(const char*, const char*, std::__cxx11::string&, std::__cxx11::string&, int&)] [../src/EventHandler.cpp:40] Begin to configure Parking
2016-06-07 10:10:58,455 ERROR [default] Failed to parse input file
* Line 8, Column 2
  Missing ',' or '}' in object declaration

2016-06-07 10:11:44,458 DEBUG [default] [nhanquy@unknown-host] [void Event_Handler::read_config(const char*, const char*, std::__cxx11::string&, std::__cxx11::string&, int&)] [../src/EventHandler.cpp:40] Begin to configure Parking
2016-06-07 10:11:47,724 DEBUG [default] [nhanquy@unknown-host] [void Event_Handler::read_config(const char*, const char*, std::__cxx11::string&, std::__cxx11::string&, int&)] [../src/EventHandler.cpp:51] LOGSDIRS read: ba_logs
2016-06-07 10:11:48,938 DEBUG [default] [nhanquy@unknown-host] [void Event_Handler::read_config(const char*, const char*, std::__cxx11::string&, std::__cxx11::string&, int&)] [../src/EventHandler.cpp:53] DB_FILE read: hist_db
2016-06-07 10:12:06,346 DEBUG [default] [nhanquy@unknown-host] [void Event_Handler::read_config(const char*, const char*, std::__cxx11::string&, std::__cxx11::string&, int&)] [../src/EventHandler.cpp:40] Begin to configure Parking
2016-06-07 10:12:07,243 DEBUG [default] [nhanquy@unknown-host] [void Event_Handler::read_config(const char*, const char*, std::__cxx11::string&, std::__cxx11::string&, int&)] [../src/EventHandler.cpp:51] LOGSDIRS read: ba_logs
2016-06-07 10:12:08,432 DEBUG [default] [nhanquy@unknown-host] [void Event_Handler::read_config(const char*, const char*, std::__cxx11::string&, std::__cxx11::string&, int&)] [../src/EventHandler.cpp:53] DB_FILE read: hist_db
